0 info it worked if it ends with ok
<<<<<<< HEAD
1 verbose cli [ 'node', '/usr/local/bin/npm', 'start' ]
2 info using npm@1.4.23
3 info using node@v0.10.31
4 verbose run-script [ 'prestart', 'start', 'poststart' ]
5 info prestart chaos@0.0.0
6 info start chaos@0.0.0
7 verbose unsafe-perm in lifecycle true
8 info chaos@0.0.0 Failed to exec start script
9 error chaos@0.0.0 start: `node ./bin/www`
9 error Exit status 8
10 error Failed at the chaos@0.0.0 start script.
10 error This is most likely a problem with the chaos package,
10 error not with npm itself.
10 error Tell the author that this fails on your system:
10 error     node ./bin/www
10 error You can get their info via:
10 error     npm owner ls chaos
10 error There is likely additional logging output above.
11 error System Darwin 15.0.0
12 error command "node" "/usr/local/bin/npm" "start"
13 error cwd /Users/matthewaustin/Documents/chaos-node
14 error node -v v0.10.31
15 error npm -v 1.4.23
16 error code ELIFECYCLE
17 verbose exit [ 1, true ]
=======
1 verbose cli [ '/opt/bitnami/nodejs/bin/.node.bin',
1 verbose cli   '/opt/bitnami/nodejs/bin/npm',
1 verbose cli   'start' ]
2 info using npm@3.3.12
3 info using node@v5.4.0
4 verbose run-script [ 'prestart', 'start', 'poststart' ]
5 info lifecycle chaos@0.0.0~prestart: chaos@0.0.0
6 silly lifecycle chaos@0.0.0~prestart: no script for prestart, continuing
7 info lifecycle chaos@0.0.0~start: chaos@0.0.0
8 verbose lifecycle chaos@0.0.0~start: unsafe-perm in lifecycle true
9 verbose lifecycle chaos@0.0.0~start: PATH: /opt/bitnami/nodejs/lib/node_modules/npm/bin/node-gyp-bin:/home/bitnami/chaos/node_modules/.bin:/opt/bitnami/nodejs/bin:/opt/bitnami/git/bin:/opt/bitnami/mongodb/bin:/opt/bitnami/sqlite/bin:/opt/bitnami/php/bin:/opt/bitnami/python/bin:/opt/bitnami/apache2/bin:/opt/bitnami/common/bin:/opt/bitnami/nodejs/bin:/opt/bitnami/git/bin:/opt/bitnami/mongodb/bin:/opt/bitnami/sqlite/bin:/opt/bitnami/php/bin:/opt/bitnami/python/bin:/opt/bitnami/apache2/bin:/opt/bitnami/common/bin:/usr/local/sbin:/usr/local/bin:/usr/sbin:/usr/bin:/sbin:/bin:/usr/games:/usr/local/games
10 verbose lifecycle chaos@0.0.0~start: CWD: /home/bitnami/chaos
11 silly lifecycle chaos@0.0.0~start: Args: [ '-c', 'node ./bin/www' ]
12 silly lifecycle chaos@0.0.0~start: Returned: code: 1  signal: null
13 info lifecycle chaos@0.0.0~start: Failed to exec start script
14 verbose stack Error: chaos@0.0.0 start: `node ./bin/www`
14 verbose stack Exit status 1
14 verbose stack     at EventEmitter.<anonymous> (/opt/bitnami/nodejs/lib/node_modules/npm/lib/utils/lifecycle.js:232:16)
14 verbose stack     at emitTwo (events.js:87:13)
14 verbose stack     at EventEmitter.emit (events.js:172:7)
14 verbose stack     at ChildProcess.<anonymous> (/opt/bitnami/nodejs/lib/node_modules/npm/lib/utils/spawn.js:24:14)
14 verbose stack     at emitTwo (events.js:87:13)
14 verbose stack     at ChildProcess.emit (events.js:172:7)
14 verbose stack     at maybeClose (internal/child_process.js:821:16)
14 verbose stack     at Process.ChildProcess._handle.onexit (internal/child_process.js:211:5)
15 verbose pkgid chaos@0.0.0
16 verbose cwd /home/bitnami/chaos
17 error Linux 3.13.0-76-generic
18 error argv "/opt/bitnami/nodejs/bin/.node.bin" "/opt/bitnami/nodejs/bin/npm" "start"
19 error node v5.4.0
20 error npm  v3.3.12
21 error code ELIFECYCLE
22 error chaos@0.0.0 start: `node ./bin/www`
22 error Exit status 1
23 error Failed at the chaos@0.0.0 start script 'node ./bin/www'.
23 error Make sure you have the latest version of node.js and npm installed.
23 error If you do, this is most likely a problem with the chaos package,
23 error not with npm itself.
23 error Tell the author that this fails on your system:
23 error     node ./bin/www
23 error You can get their info via:
23 error     npm owner ls chaos
23 error There is likely additional logging output above.
24 verbose exit [ 1, true ]
>>>>>>> 15b791141c73f952305622daed6367a16446ef44
